<?xml version="1.0" encoding="UTF-8"?>
<!-- Generated by org.testng.reporters.JUnitReportReporter -->
<testsuite hostname="Rameshs-MacBook-Air.local" failures="0" tests="1" name="RameshSwarnkar.Test.googleSearchTest" time="10.878" errors="0" timestamp="2025-03-16T19:22:51 EDT" skipped="0">
  <testcase classname="RameshSwarnkar.Test.googleSearchTest" name="searchResultsTest" time="10.878"/>
</testsuite> <!-- RameshSwarnkar.Test.googleSearchTest -->
