<?xml version="1.0" encoding="UTF-8"?>
<!-- Generated by org.testng.reporters.JUnitReportReporter -->
<testsuite hostname="Rameshs-MacBook-Air.local" failures="0" tests="2" name="RameshSwarnkar.Test.googleSearchTest" time="33.119" errors="0" timestamp="2025-03-19T15:50:51 EDT" skipped="0">
  <testcase classname="RameshSwarnkar.Test.googleSearchTest" name="clickOnLinks" time="26.312"/>
  <testcase classname="RameshSwarnkar.Test.googleSearchTest" name="searchResultsTest" time="6.807"/>
</testsuite> <!-- RameshSwarnkar.Test.googleSearchTest -->
